<?xml version="1.0" encoding="UTF-8"?>
<testsuite xmlns:xsi="http://www.w3.org/2001/XMLSchema-instance" xsi:noNamespaceSchemaLocation="https://maven.apache.org/surefire/maven-surefire-plugin/xsd/surefire-test-report.xsd" version="3.0.2" name="com.beauty1nside.SerpingApplicationTests" time="0.017" tests="1" errors="0" skipped="0" failures="0">
  <properties>
[...]
</properties>
  <testcase name="contextLoads" classname="com.beauty1nside.SerpingApplicationTests" time="0.003">
    <system-out><![CDATA[[10:31:23] INFO  o.s.t.c.s.AnnotationConfigContextLoaderUtils - [83]Could not detect default configuration classes for test class [com.beauty1nside.SerpingApplicationTests]: SerpingApplicationTests does not declare any static, non-private, non-final, nested classes annotated with @Configuration.
[10:31:23] INFO  o.s.b.t.c.SpringBootTestContextBootstrapper - [234]Found @SpringBootConfiguration com.beauty1nside.SerpingApplication for test class com.beauty1nside.SerpingApplicationTests
]]></system-out>
  </testcase>
</testsuite>